Flow report for Assignment6
Sun Jun 02 22:07:38 2024
Quartus Prime Version 19.1.0 Build 670 09/22/2019 SJ Lite Edition


---------------------
; Table of Contents ;
---------------------
  1. Legal Notice
  2. Flow Summary
  3. Flow Settings
  4. Flow Non-Default Global Settings
  5. Flow Elapsed Time
  6. Flow OS Summary
  7. Flow Log
  8. Flow Messages
  9. Flow Suppressed Messages



----------------
; Legal Notice ;
----------------
Copyright (C) 2019  Intel Corporation. All rights reserved.
Your use of Intel Corporation's design tools, logic functions 
and other software and tools, and any partner logic 
functions, and any output files from any of the foregoing 
(including device programming or simulation files), and any 
associated documentation or information are expressly subject 
to the terms and conditions of the Intel Program License 
Subscription Agreement, the Intel Quartus Prime License Agreement,
the Intel FPGA IP License Agreement, or other applicable license
agreement, including, without limitation, that your use is for
the sole purpose of programming logic devices manufactured by
Intel and sold by Intel or its authorized distributors.  Please
refer to the applicable agreement for further details, at
https://fpgasoftware.intel.com/eula.



+-------------------------------------------------------------------------------+
; Flow Summary                                                                  ;
+---------------------------------+---------------------------------------------+
; Flow Status                     ; Successful - Sun Jun 02 22:07:38 2024       ;
; Quartus Prime Version           ; 19.1.0 Build 670 09/22/2019 SJ Lite Edition ;
; Revision Name                   ; Assignment6                                 ;
; Top-level Entity Name           ; Assignment6                                 ;
; Family                          ; Cyclone V                                   ;
; Device                          ; 5CGXFC7C7F23C8                              ;
; Timing Models                   ; Final                                       ;
; Logic utilization (in ALMs)     ; 3 / 56,480 ( < 1 % )                        ;
; Total registers                 ; 8                                           ;
; Total pins                      ; 19 / 268 ( 7 % )                            ;
; Total virtual pins              ; 0                                           ;
; Total block memory bits         ; 0 / 7,024,640 ( 0 % )                       ;
; Total DSP Blocks                ; 0 / 156 ( 0 % )                             ;
; Total HSSI RX PCSs              ; 0 / 6 ( 0 % )                               ;
; Total HSSI PMA RX Deserializers ; 0 / 6 ( 0 % )                               ;
; Total HSSI TX PCSs              ; 0 / 6 ( 0 % )                               ;
; Total HSSI PMA TX Serializers   ; 0 / 6 ( 0 % )                               ;
; Total PLLs                      ; 0 / 13 ( 0 % )                              ;
; Total DLLs                      ; 0 / 4 ( 0 % )                               ;
+---------------------------------+---------------------------------------------+


+-----------------------------------------+
; Flow Settings                           ;
+-------------------+---------------------+
; Option            ; Setting             ;
+-------------------+---------------------+
; Start date & time ; 06/02/2024 22:04:36 ;
; Main task         ; Compilation         ;
; Revision Name     ; Assignment6         ;
+-------------------+---------------------+


+-------------------------------------------------------------------------------------------------------------------------+
; Flow Non-Default Global Settings                                                                                        ;
+-------------------------------------+----------------------------------------+---------------+-------------+------------+
; Assignment Name                     ; Value                                  ; Default Value ; Entity Name ; Section Id ;
+-------------------------------------+----------------------------------------+---------------+-------------+------------+
; COMPILER_SIGNATURE_ID               ; 62096888004278.171734067603656         ; --            ; --          ; --         ;
; PARTITION_COLOR                     ; -- (Not supported for targeted family) ; --            ; --          ; Top        ;
; PARTITION_FITTER_PRESERVATION_LEVEL ; -- (Not supported for targeted family) ; --            ; --          ; Top        ;
; PARTITION_NETLIST_TYPE              ; -- (Not supported for targeted family) ; --            ; --          ; Top        ;
; PROJECT_OUTPUT_DIRECTORY            ; output_files                           ; --            ; --          ; --         ;
+-------------------------------------+----------------------------------------+---------------+-------------+------------+


+--------------------------------------------------------------------------------------------------------------------------+
; Flow Elapsed Time                                                                                                        ;
+----------------------+--------------+-------------------------+---------------------+------------------------------------+
; Module Name          ; Elapsed Time ; Average Processors Used ; Peak Virtual Memory ; Total CPU Time (on all processors) ;
+----------------------+--------------+-------------------------+---------------------+------------------------------------+
; Analysis & Synthesis ; 00:00:08     ; 1.0                     ; 4839 MB             ; 00:00:05                           ;
; Fitter               ; 00:00:35     ; 1.0                     ; 7470 MB             ; 00:00:46                           ;
; Assembler            ; 00:00:07     ; 1.0                     ; 4834 MB             ; 00:00:03                           ;
; Timing Analyzer      ; 00:00:06     ; 1.1                     ; 5276 MB             ; 00:00:02                           ;
; EDA Netlist Writer   ; 00:00:01     ; 1.0                     ; 4721 MB             ; 00:00:00                           ;
; EDA Netlist Writer   ; 00:00:01     ; 1.0                     ; 4729 MB             ; 00:00:00                           ;
; EDA Netlist Writer   ; 00:00:01     ; 1.0                     ; 4721 MB             ; 00:00:00                           ;
; EDA Netlist Writer   ; 00:00:01     ; 1.0                     ; 4729 MB             ; 00:00:00                           ;
; Total                ; 00:01:00     ; --                      ; --                  ; 00:00:56                           ;
+----------------------+--------------+-------------------------+---------------------+------------------------------------+


+------------------------------------------------------------------------------------+
; Flow OS Summary                                                                    ;
+----------------------+------------------+------------+------------+----------------+
; Module Name          ; Machine Hostname ; OS Name    ; OS Version ; Processor type ;
+----------------------+------------------+------------+------------+----------------+
; Analysis & Synthesis ; Hannie           ; Windows 10 ; 10.0       ; x86_64         ;
; Fitter               ; Hannie           ; Windows 10 ; 10.0       ; x86_64         ;
; Assembler            ; Hannie           ; Windows 10 ; 10.0       ; x86_64         ;
; Timing Analyzer      ; Hannie           ; Windows 10 ; 10.0       ; x86_64         ;
; EDA Netlist Writer   ; Hannie           ; Windows 10 ; 10.0       ; x86_64         ;
; EDA Netlist Writer   ; Hannie           ; Windows 10 ; 10.0       ; x86_64         ;
; EDA Netlist Writer   ; Hannie           ; Windows 10 ; 10.0       ; x86_64         ;
; EDA Netlist Writer   ; Hannie           ; Windows 10 ; 10.0       ; x86_64         ;
+----------------------+------------------+------------+------------+----------------+


------------
; Flow Log ;
------------
quartus_map --read_settings_files=on --write_settings_files=off Assignment6 -c Assignment6
quartus_fit --read_settings_files=off --write_settings_files=off Assignment6 -c Assignment6
quartus_asm --read_settings_files=off --write_settings_files=off Assignment6 -c Assignment6
quartus_sta Assignment6 -c Assignment6
quartus_eda --gen_testbench --tool=modelsim_oem --format=verilog --write_settings_files=off Assignment6 -c Assignment6 --vector_source=C:/Users/hanie/OneDrive/Desktop/Ky-thuat-phan-mem/CSE_206_KienTrucVaCauTaoMayTinh/Lab_5/Lab_5_6/Waveform.vwf --testbench_file=C:/Users/hanie/OneDrive/Desktop/Ky-thuat-phan-mem/CSE_206_KienTrucVaCauTaoMayTinh/Lab_5/Lab_5_6/simulation/qsim/Waveform.vwf.vt
quartus_eda --write_settings_files=off --simulation=on --functional=on --flatten_buses=off --tool=modelsim_oem --format=verilog --output_directory=C:/Users/hanie/OneDrive/Desktop/Ky-thuat-phan-mem/CSE_206_KienTrucVaCauTaoMayTinh/Lab_5/Lab_5_6/simulation/qsim/ Assignment6 -c Assignment6
quartus_eda --gen_testbench --tool=modelsim_oem --format=verilog --write_settings_files=off Assignment6 -c Assignment6 --vector_source=C:/Users/hanie/OneDrive/Desktop/Ky-thuat-phan-mem/CSE_206_KienTrucVaCauTaoMayTinh/Lab_5/Lab_5_6/Waveform.vwf --testbench_file=C:/Users/hanie/OneDrive/Desktop/Ky-thuat-phan-mem/CSE_206_KienTrucVaCauTaoMayTinh/Lab_5/Lab_5_6/simulation/qsim/Waveform.vwf.vt
quartus_eda --write_settings_files=off --simulation=on --functional=on --flatten_buses=off --tool=modelsim_oem --format=verilog --output_directory=C:/Users/hanie/OneDrive/Desktop/Ky-thuat-phan-mem/CSE_206_KienTrucVaCauTaoMayTinh/Lab_5/Lab_5_6/simulation/qsim/ Assignment6 -c Assignment6



