Analysis & Synthesis report for Assignment3
Tue Jun 11 14:40:15 2024
Quartus Prime Version 19.1.0 Build 670 09/22/2019 SJ Lite Edition


---------------------
; Table of Contents ;
---------------------
  1. Legal Notice
  2. Analysis & Synthesis Summary
  3. Analysis & Synthesis Settings
  4. Parallel Compilation
  5. Analysis & Synthesis Source Files Read
  6. Analysis & Synthesis Resource Usage Summary
  7. Analysis & Synthesis Resource Utilization by Entity
  8. Analysis & Synthesis RAM Summary
  9. Analysis & Synthesis IP Cores Summary
 10. General Register Statistics
 11. Source assignments for RAM256_24:inst5|altsyncram:altsyncram_component|altsyncram_q7o1:auto_generated
 12. Parameter Settings for User Entity Instance: RAM256_24:inst5|altsyncram:altsyncram_component
 13. altsyncram Parameter Settings by Entity Instance
 14. Post-Synthesis Netlist Statistics for Top Partition
 15. Elapsed Time Per Partition
 16. Analysis & Synthesis Messages



----------------
; Legal Notice ;
----------------
Copyright (C) 2019  Intel Corporation. All rights reserved.
Your use of Intel Corporation's design tools, logic functions 
and other software and tools, and any partner logic 
functions, and any output files from any of the foregoing 
(including device programming or simulation files), and any 
associated documentation or information are expressly subject 
to the terms and conditions of the Intel Program License 
Subscription Agreement, the Intel Quartus Prime License Agreement,
the Intel FPGA IP License Agreement, or other applicable license
agreement, including, without limitation, that your use is for
the sole purpose of programming logic devices manufactured by
Intel and sold by Intel or its authorized distributors.  Please
refer to the applicable agreement for further details, at
https://fpgasoftware.intel.com/eula.



+-------------------------------------------------------------------------------+
; Analysis & Synthesis Summary                                                  ;
+---------------------------------+---------------------------------------------+
; Analysis & Synthesis Status     ; Successful - Tue Jun 11 14:40:15 2024       ;
; Quartus Prime Version           ; 19.1.0 Build 670 09/22/2019 SJ Lite Edition ;
; Revision Name                   ; Assignment3                                 ;
; Top-level Entity Name           ; Assignment3                                 ;
; Family                          ; Cyclone V                                   ;
; Logic utilization (in ALMs)     ; N/A                                         ;
; Total registers                 ; 8                                           ;
; Total pins                      ; 44                                          ;
; Total virtual pins              ; 0                                           ;
; Total block memory bits         ; 6,144                                       ;
; Total DSP Blocks                ; 0                                           ;
; Total HSSI RX PCSs              ; 0                                           ;
; Total HSSI PMA RX Deserializers ; 0                                           ;
; Total HSSI TX PCSs              ; 0                                           ;
; Total HSSI PMA TX Serializers   ; 0                                           ;
; Total PLLs                      ; 0                                           ;
; Total DLLs                      ; 0                                           ;
+---------------------------------+---------------------------------------------+


+---------------------------------------------------------------------------------------------------------------------------+
; Analysis & Synthesis Settings                                                                                             ;
+---------------------------------------------------------------------------------+--------------------+--------------------+
; Option                                                                          ; Setting            ; Default Value      ;
+---------------------------------------------------------------------------------+--------------------+--------------------+
; Device                                                                          ; 5CGXFC7C7F23C8     ;                    ;
; Top-level entity name                                                           ; Assignment3        ; Assignment3        ;
; Family name                                                                     ; Cyclone V          ; Cyclone V          ;
; Use smart compilation                                                           ; Off                ; Off                ;
; Enable parallel Assembler and Timing Analyzer during compilation                ; On                 ; On                 ;
; Enable compact report table                                                     ; Off                ; Off                ;
; Restructure Multiplexers                                                        ; Auto               ; Auto               ;
; MLAB Add Timing Constraints For Mixed-Port Feed-Through Mode Setting Don't Care ; Off                ; Off                ;
; Create Debugging Nodes for IP Cores                                             ; Off                ; Off                ;
; Preserve fewer node names                                                       ; On                 ; On                 ;
; Intel FPGA IP Evaluation Mode                                                   ; Enable             ; Enable             ;
; Verilog Version                                                                 ; Verilog_2001       ; Verilog_2001       ;
; VHDL Version                                                                    ; VHDL_1993          ; VHDL_1993          ;
; State Machine Processing                                                        ; Auto               ; Auto               ;
; Safe State Machine                                                              ; Off                ; Off                ;
; Extract Verilog State Machines                                                  ; On                 ; On                 ;
; Extract VHDL State Machines                                                     ; On                 ; On                 ;
; Ignore Verilog initial constructs                                               ; Off                ; Off                ;
; Iteration limit for constant Verilog loops                                      ; 5000               ; 5000               ;
; Iteration limit for non-constant Verilog loops                                  ; 250                ; 250                ;
; Add Pass-Through Logic to Inferred RAMs                                         ; On                 ; On                 ;
; Infer RAMs from Raw Logic                                                       ; On                 ; On                 ;
; Parallel Synthesis                                                              ; On                 ; On                 ;
; DSP Block Balancing                                                             ; Auto               ; Auto               ;
; NOT Gate Push-Back                                                              ; On                 ; On                 ;
; Power-Up Don't Care                                                             ; On                 ; On                 ;
; Remove Redundant Logic Cells                                                    ; Off                ; Off                ;
; Remove Duplicate Registers                                                      ; On                 ; On                 ;
; Ignore CARRY Buffers                                                            ; Off                ; Off                ;
; Ignore CASCADE Buffers                                                          ; Off                ; Off                ;
; Ignore GLOBAL Buffers                                                           ; Off                ; Off                ;
; Ignore ROW GLOBAL Buffers                                                       ; Off                ; Off                ;
; Ignore LCELL Buffers                                                            ; Off                ; Off                ;
; Ignore SOFT Buffers                                                             ; On                 ; On                 ;
; Limit AHDL Integers to 32 Bits                                                  ; Off                ; Off                ;
; Optimization Technique                                                          ; Balanced           ; Balanced           ;
; Carry Chain Length                                                              ; 70                 ; 70                 ;
; Auto Carry Chains                                                               ; On                 ; On                 ;
; Auto Open-Drain Pins                                                            ; On                 ; On                 ;
; Perform WYSIWYG Primitive Resynthesis                                           ; Off                ; Off                ;
; Auto ROM Replacement                                                            ; On                 ; On                 ;
; Auto RAM Replacement                                                            ; On                 ; On                 ;
; Auto DSP Block Replacement                                                      ; On                 ; On                 ;
; Auto Shift Register Replacement                                                 ; Auto               ; Auto               ;
; Allow Shift Register Merging across Hierarchies                                 ; Auto               ; Auto               ;
; Auto Clock Enable Replacement                                                   ; On                 ; On                 ;
; Strict RAM Replacement                                                          ; Off                ; Off                ;
; Allow Synchronous Control Signals                                               ; On                 ; On                 ;
; Force Use of Synchronous Clear Signals                                          ; Off                ; Off                ;
; Auto Resource Sharing                                                           ; Off                ; Off                ;
; Allow Any RAM Size For Recognition                                              ; Off                ; Off                ;
; Allow Any ROM Size For Recognition                                              ; Off                ; Off                ;
; Allow Any Shift Register Size For Recognition                                   ; Off                ; Off                ;
; Use LogicLock Constraints during Resource Balancing                             ; On                 ; On                 ;
; Ignore translate_off and synthesis_off directives                               ; Off                ; Off                ;
; Timing-Driven Synthesis                                                         ; On                 ; On                 ;
; Report Parameter Settings                                                       ; On                 ; On                 ;
; Report Source Assignments                                                       ; On                 ; On                 ;
; Report Connectivity Checks                                                      ; On                 ; On                 ;
; Ignore Maximum Fan-Out Assignments                                              ; Off                ; Off                ;
; Synchronization Register Chain Length                                           ; 3                  ; 3                  ;
; Power Optimization During Synthesis                                             ; Normal compilation ; Normal compilation ;
; HDL message level                                                               ; Level2             ; Level2             ;
; Suppress Register Optimization Related Messages                                 ; Off                ; Off                ;
; Number of Removed Registers Reported in Synthesis Report                        ; 5000               ; 5000               ;
; Number of Swept Nodes Reported in Synthesis Report                              ; 5000               ; 5000               ;
; Number of Inverted Registers Reported in Synthesis Report                       ; 100                ; 100                ;
; Clock MUX Protection                                                            ; On                 ; On                 ;
; Auto Gated Clock Conversion                                                     ; Off                ; Off                ;
; Block Design Naming                                                             ; Auto               ; Auto               ;
; SDC constraint protection                                                       ; Off                ; Off                ;
; Synthesis Effort                                                                ; Auto               ; Auto               ;
; Shift Register Replacement - Allow Asynchronous Clear Signal                    ; On                 ; On                 ;
; Pre-Mapping Resynthesis Optimization                                            ; Off                ; Off                ;
; Analysis & Synthesis Message Level                                              ; Medium             ; Medium             ;
; Disable Register Merging Across Hierarchies                                     ; Auto               ; Auto               ;
; Resource Aware Inference For Block RAM                                          ; On                 ; On                 ;
; Automatic Parallel Synthesis                                                    ; On                 ; On                 ;
; Partial Reconfiguration Bitstream ID                                            ; Off                ; Off                ;
+---------------------------------------------------------------------------------+--------------------+--------------------+


+------------------------------------------+
; Parallel Compilation                     ;
+----------------------------+-------------+
; Processors                 ; Number      ;
+----------------------------+-------------+
; Number detected on machine ; 16          ;
; Maximum allowed            ; 12          ;
;                            ;             ;
; Average used               ; 1.00        ;
; Maximum used               ; 12          ;
;                            ;             ;
; Usage by Processor         ; % Time Used ;
;     Processor 1            ; 100.0%      ;
;     Processors 2-12        ;   0.0%      ;
+----------------------------+-------------+


+----------------------------------------------------------------------------------------------------------------------------------------------------------------------------------------------------------------------------+
; Analysis & Synthesis Source Files Read                                                                                                                                                                                     ;
+----------------------------------+-----------------+------------------------------------+------------------------------------------------------------------------------------------------------------------------+---------+
; File Name with User-Entered Path ; Used in Netlist ; File Type                          ; File Name with Absolute Path                                                                                           ; Library ;
+----------------------------------+-----------------+------------------------------------+------------------------------------------------------------------------------------------------------------------------+---------+
; register_8.bdf                   ; yes             ; User Block Diagram/Schematic File  ; C:/Users/hanie/OneDrive/Desktop/Ky-thuat-phan-mem/CSE_206_KienTrucVaCauTaoMayTinh/Lab_6/Lab_6_3/register_8.bdf         ;         ;
; mul2_1_8.bdf                     ; yes             ; User Block Diagram/Schematic File  ; C:/Users/hanie/OneDrive/Desktop/Ky-thuat-phan-mem/CSE_206_KienTrucVaCauTaoMayTinh/Lab_6/Lab_6_3/mul2_1_8.bdf           ;         ;
; mul2_1_1.bdf                     ; yes             ; User Block Diagram/Schematic File  ; C:/Users/hanie/OneDrive/Desktop/Ky-thuat-phan-mem/CSE_206_KienTrucVaCauTaoMayTinh/Lab_6/Lab_6_3/mul2_1_1.bdf           ;         ;
; full_adder.bdf                   ; yes             ; User Block Diagram/Schematic File  ; C:/Users/hanie/OneDrive/Desktop/Ky-thuat-phan-mem/CSE_206_KienTrucVaCauTaoMayTinh/Lab_6/Lab_6_3/full_adder.bdf         ;         ;
; adder_8.bdf                      ; yes             ; User Block Diagram/Schematic File  ; C:/Users/hanie/OneDrive/Desktop/Ky-thuat-phan-mem/CSE_206_KienTrucVaCauTaoMayTinh/Lab_6/Lab_6_3/adder_8.bdf            ;         ;
; Assignment3.bdf                  ; yes             ; User Block Diagram/Schematic File  ; C:/Users/hanie/OneDrive/Desktop/Ky-thuat-phan-mem/CSE_206_KienTrucVaCauTaoMayTinh/Lab_6/Lab_6_3/Assignment3.bdf        ;         ;
; RAM256_24.v                      ; yes             ; User Wizard-Generated File         ; C:/Users/hanie/OneDrive/Desktop/Ky-thuat-phan-mem/CSE_206_KienTrucVaCauTaoMayTinh/Lab_6/Lab_6_3/RAM256_24.v            ;         ;
; Assignment3.mif                  ; yes             ; User Memory Initialization File    ; C:/Users/hanie/OneDrive/Desktop/Ky-thuat-phan-mem/CSE_206_KienTrucVaCauTaoMayTinh/Lab_6/Lab_6_3/Assignment3.mif        ;         ;
; program_counter.bdf              ; yes             ; User Block Diagram/Schematic File  ; C:/Users/hanie/OneDrive/Desktop/Ky-thuat-phan-mem/CSE_206_KienTrucVaCauTaoMayTinh/Lab_6/Lab_6_3/program_counter.bdf    ;         ;
; altsyncram.tdf                   ; yes             ; Megafunction                       ; c:/intelfpga_lite/19.1/quartus/libraries/megafunctions/altsyncram.tdf                                                  ;         ;
; stratix_ram_block.inc            ; yes             ; Megafunction                       ; c:/intelfpga_lite/19.1/quartus/libraries/megafunctions/stratix_ram_block.inc                                           ;         ;
; lpm_mux.inc                      ; yes             ; Megafunction                       ; c:/intelfpga_lite/19.1/quartus/libraries/megafunctions/lpm_mux.inc                                                     ;         ;
; lpm_decode.inc                   ; yes             ; Megafunction                       ; c:/intelfpga_lite/19.1/quartus/libraries/megafunctions/lpm_decode.inc                                                  ;         ;
; aglobal191.inc                   ; yes             ; Megafunction                       ; c:/intelfpga_lite/19.1/quartus/libraries/megafunctions/aglobal191.inc                                                  ;         ;
; a_rdenreg.inc                    ; yes             ; Megafunction                       ; c:/intelfpga_lite/19.1/quartus/libraries/megafunctions/a_rdenreg.inc                                                   ;         ;
; altrom.inc                       ; yes             ; Megafunction                       ; c:/intelfpga_lite/19.1/quartus/libraries/megafunctions/altrom.inc                                                      ;         ;
; altram.inc                       ; yes             ; Megafunction                       ; c:/intelfpga_lite/19.1/quartus/libraries/megafunctions/altram.inc                                                      ;         ;
; altdpram.inc                     ; yes             ; Megafunction                       ; c:/intelfpga_lite/19.1/quartus/libraries/megafunctions/altdpram.inc                                                    ;         ;
; db/altsyncram_q7o1.tdf           ; yes             ; Auto-Generated Megafunction        ; C:/Users/hanie/OneDrive/Desktop/Ky-thuat-phan-mem/CSE_206_KienTrucVaCauTaoMayTinh/Lab_6/Lab_6_3/db/altsyncram_q7o1.tdf ;         ;
+----------------------------------+-----------------+------------------------------------+------------------------------------------------------------------------------------------------------------------------+---------+


+---------------------------------------------------------------------------------------------+
; Analysis & Synthesis Resource Usage Summary                                                 ;
+---------------------------------------------+-----------------------------------------------+
; Resource                                    ; Usage                                         ;
+---------------------------------------------+-----------------------------------------------+
; Estimate of Logic utilization (ALMs needed) ; 6                                             ;
;                                             ;                                               ;
; Combinational ALUT usage for logic          ; 10                                            ;
;     -- 7 input functions                    ; 0                                             ;
;     -- 6 input functions                    ; 1                                             ;
;     -- 5 input functions                    ; 2                                             ;
;     -- 4 input functions                    ; 3                                             ;
;     -- <=3 input functions                  ; 4                                             ;
;                                             ;                                               ;
; Dedicated logic registers                   ; 8                                             ;
;                                             ;                                               ;
; I/O pins                                    ; 44                                            ;
; Total MLAB memory bits                      ; 0                                             ;
; Total block memory bits                     ; 6144                                          ;
;                                             ;                                               ;
; Total DSP Blocks                            ; 0                                             ;
;                                             ;                                               ;
; Maximum fan-out node                        ; program_counter:inst111|register_8:inst7|inst ;
; Maximum fan-out                             ; 32                                            ;
; Total fan-out                               ; 398                                           ;
; Average fan-out                             ; 3.06                                          ;
+---------------------------------------------+-----------------------------------------------+


+-----------------------------------------------------------------------------------------------------------------------------------------------------------------------------------------------------------------------------------------------------------------------------------+
; Analysis & Synthesis Resource Utilization by Entity                                                                                                                                                                                                                               ;
+-------------------------------------------+---------------------+---------------------------+-------------------+------------+------+--------------+---------------------------------------------------------------------------------------------+-----------------+--------------+
; Compilation Hierarchy Node                ; Combinational ALUTs ; Dedicated Logic Registers ; Block Memory Bits ; DSP Blocks ; Pins ; Virtual Pins ; Full Hierarchy Name                                                                         ; Entity Name     ; Library Name ;
+-------------------------------------------+---------------------+---------------------------+-------------------+------------+------+--------------+---------------------------------------------------------------------------------------------+-----------------+--------------+
; |Assignment3                              ; 10 (1)              ; 8 (0)                     ; 6144              ; 0          ; 44   ; 0            ; |Assignment3                                                                                ; Assignment3     ; work         ;
;    |RAM256_24:inst5|                      ; 0 (0)               ; 0 (0)                     ; 6144              ; 0          ; 0    ; 0            ; |Assignment3|RAM256_24:inst5                                                                ; RAM256_24       ; work         ;
;       |altsyncram:altsyncram_component|   ; 0 (0)               ; 0 (0)                     ; 6144              ; 0          ; 0    ; 0            ; |Assignment3|RAM256_24:inst5|altsyncram:altsyncram_component                                ; altsyncram      ; work         ;
;          |altsyncram_q7o1:auto_generated| ; 0 (0)               ; 0 (0)                     ; 6144              ; 0          ; 0    ; 0            ; |Assignment3|RAM256_24:inst5|altsyncram:altsyncram_component|altsyncram_q7o1:auto_generated ; altsyncram_q7o1 ; work         ;
;    |program_counter:inst111|              ; 9 (0)               ; 8 (0)                     ; 0                 ; 0          ; 0    ; 0            ; |Assignment3|program_counter:inst111                                                        ; program_counter ; work         ;
;       |adder_8:inst|                      ; 8 (0)               ; 0 (0)                     ; 0                 ; 0          ; 0    ; 0            ; |Assignment3|program_counter:inst111|adder_8:inst                                           ; adder_8         ; work         ;
;          |full_adder:inst111|             ; 1 (1)               ; 0 (0)                     ; 0                 ; 0          ; 0    ; 0            ; |Assignment3|program_counter:inst111|adder_8:inst|full_adder:inst111                        ; full_adder      ; work         ;
;          |full_adder:inst11|              ; 1 (1)               ; 0 (0)                     ; 0                 ; 0          ; 0    ; 0            ; |Assignment3|program_counter:inst111|adder_8:inst|full_adder:inst11                         ; full_adder      ; work         ;
;          |full_adder:inst1|               ; 1 (1)               ; 0 (0)                     ; 0                 ; 0          ; 0    ; 0            ; |Assignment3|program_counter:inst111|adder_8:inst|full_adder:inst1                          ; full_adder      ; work         ;
;          |full_adder:inst21|              ; 1 (1)               ; 0 (0)                     ; 0                 ; 0          ; 0    ; 0            ; |Assignment3|program_counter:inst111|adder_8:inst|full_adder:inst21                         ; full_adder      ; work         ;
;          |full_adder:inst2|               ; 1 (1)               ; 0 (0)                     ; 0                 ; 0          ; 0    ; 0            ; |Assignment3|program_counter:inst111|adder_8:inst|full_adder:inst2                          ; full_adder      ; work         ;
;          |full_adder:inst31|              ; 1 (1)               ; 0 (0)                     ; 0                 ; 0          ; 0    ; 0            ; |Assignment3|program_counter:inst111|adder_8:inst|full_adder:inst31                         ; full_adder      ; work         ;
;          |full_adder:inst|                ; 2 (2)               ; 0 (0)                     ; 0                 ; 0          ; 0    ; 0            ; |Assignment3|program_counter:inst111|adder_8:inst|full_adder:inst                           ; full_adder      ; work         ;
;       |register_8:inst7|                  ; 1 (1)               ; 8 (8)                     ; 0                 ; 0          ; 0    ; 0            ; |Assignment3|program_counter:inst111|register_8:inst7                                       ; register_8      ; work         ;
+-------------------------------------------+---------------------+---------------------------+-------------------+------------+------+--------------+---------------------------------------------------------------------------------------------+-----------------+--------------+
Note: For table entries with two numbers listed, the numbers in parentheses indicate the number of resources of the given type used by the specific entity alone. The numbers listed outside of parentheses indicate the total resources of the given type used by the specific entity and all of its sub-entities in the hierarchy.


+-----------------------------------------------------------------------------------------------------------------------------------------------------------------------------------------------------+
; Analysis & Synthesis RAM Summary                                                                                                                                                                    ;
+-------------------------------------------------------------------------------------------+------+-------------+--------------+--------------+--------------+--------------+------+-----------------+
; Name                                                                                      ; Type ; Mode        ; Port A Depth ; Port A Width ; Port B Depth ; Port B Width ; Size ; MIF             ;
+-------------------------------------------------------------------------------------------+------+-------------+--------------+--------------+--------------+--------------+------+-----------------+
; RAM256_24:inst5|altsyncram:altsyncram_component|altsyncram_q7o1:auto_generated|ALTSYNCRAM ; AUTO ; Single Port ; 256          ; 24           ; --           ; --           ; 6144 ; Assignment3.mif ;
+-------------------------------------------------------------------------------------------+------+-------------+--------------+--------------+--------------+--------------+------+-----------------+


+----------------------------------------------------------------------------------------------------------------+
; Analysis & Synthesis IP Cores Summary                                                                          ;
+--------+--------------+---------+--------------+--------------+------------------------------+-----------------+
; Vendor ; IP Core Name ; Version ; Release Date ; License Type ; Entity Instance              ; IP Include File ;
+--------+--------------+---------+--------------+--------------+------------------------------+-----------------+
; Altera ; RAM: 1-PORT  ; 19.1    ; N/A          ; N/A          ; |Assignment3|RAM256_24:inst5 ; RAM256_24.v     ;
+--------+--------------+---------+--------------+--------------+------------------------------+-----------------+


+------------------------------------------------------+
; General Register Statistics                          ;
+----------------------------------------------+-------+
; Statistic                                    ; Value ;
+----------------------------------------------+-------+
; Total registers                              ; 8     ;
; Number of registers using Synchronous Clear  ; 0     ;
; Number of registers using Synchronous Load   ; 8     ;
; Number of registers using Asynchronous Clear ; 8     ;
; Number of registers using Asynchronous Load  ; 0     ;
; Number of registers using Clock Enable       ; 8     ;
; Number of registers using Preset             ; 0     ;
+----------------------------------------------+-------+


+-------------------------------------------------------------------------------------------------------+
; Source assignments for RAM256_24:inst5|altsyncram:altsyncram_component|altsyncram_q7o1:auto_generated ;
+---------------------------------+--------------------+------+-----------------------------------------+
; Assignment                      ; Value              ; From ; To                                      ;
+---------------------------------+--------------------+------+-----------------------------------------+
; OPTIMIZE_POWER_DURING_SYNTHESIS ; NORMAL_COMPILATION ; -    ; -                                       ;
+---------------------------------+--------------------+------+-----------------------------------------+


+----------------------------------------------------------------------------------------------+
; Parameter Settings for User Entity Instance: RAM256_24:inst5|altsyncram:altsyncram_component ;
+------------------------------------+----------------------+----------------------------------+
; Parameter Name                     ; Value                ; Type                             ;
+------------------------------------+----------------------+----------------------------------+
; BYTE_SIZE_BLOCK                    ; 8                    ; Untyped                          ;
; AUTO_CARRY_CHAINS                  ; ON                   ; AUTO_CARRY                       ;
; IGNORE_CARRY_BUFFERS               ; OFF                  ; IGNORE_CARRY                     ;
; AUTO_CASCADE_CHAINS                ; ON                   ; AUTO_CASCADE                     ;
; IGNORE_CASCADE_BUFFERS             ; OFF                  ; IGNORE_CASCADE                   ;
; WIDTH_BYTEENA                      ; 1                    ; Untyped                          ;
; OPERATION_MODE                     ; SINGLE_PORT          ; Untyped                          ;
; WIDTH_A                            ; 24                   ; Signed Integer                   ;
; WIDTHAD_A                          ; 8                    ; Signed Integer                   ;
; NUMWORDS_A                         ; 256                  ; Signed Integer                   ;
; OUTDATA_REG_A                      ; CLOCK0               ; Untyped                          ;
; ADDRESS_ACLR_A                     ; NONE                 ; Untyped                          ;
; OUTDATA_ACLR_A                     ; NONE                 ; Untyped                          ;
; WRCONTROL_ACLR_A                   ; NONE                 ; Untyped                          ;
; INDATA_ACLR_A                      ; NONE                 ; Untyped                          ;
; BYTEENA_ACLR_A                     ; NONE                 ; Untyped                          ;
; WIDTH_B                            ; 1                    ; Untyped                          ;
; WIDTHAD_B                          ; 1                    ; Untyped                          ;
; NUMWORDS_B                         ; 1                    ; Untyped                          ;
; INDATA_REG_B                       ; CLOCK1               ; Untyped                          ;
; WRCONTROL_WRADDRESS_REG_B          ; CLOCK1               ; Untyped                          ;
; RDCONTROL_REG_B                    ; CLOCK1               ; Untyped                          ;
; ADDRESS_REG_B                      ; CLOCK1               ; Untyped                          ;
; OUTDATA_REG_B                      ; UNREGISTERED         ; Untyped                          ;
; BYTEENA_REG_B                      ; CLOCK1               ; Untyped                          ;
; INDATA_ACLR_B                      ; NONE                 ; Untyped                          ;
; WRCONTROL_ACLR_B                   ; NONE                 ; Untyped                          ;
; ADDRESS_ACLR_B                     ; NONE                 ; Untyped                          ;
; OUTDATA_ACLR_B                     ; NONE                 ; Untyped                          ;
; RDCONTROL_ACLR_B                   ; NONE                 ; Untyped                          ;
; BYTEENA_ACLR_B                     ; NONE                 ; Untyped                          ;
; WIDTH_BYTEENA_A                    ; 1                    ; Signed Integer                   ;
; WIDTH_BYTEENA_B                    ; 1                    ; Untyped                          ;
; RAM_BLOCK_TYPE                     ; AUTO                 ; Untyped                          ;
; BYTE_SIZE                          ; 8                    ; Untyped                          ;
; READ_DURING_WRITE_MODE_MIXED_PORTS ; DONT_CARE            ; Untyped                          ;
; READ_DURING_WRITE_MODE_PORT_A      ; NEW_DATA_NO_NBE_READ ; Untyped                          ;
; READ_DURING_WRITE_MODE_PORT_B      ; NEW_DATA_NO_NBE_READ ; Untyped                          ;
; INIT_FILE                          ; Assignment3.mif      ; Untyped                          ;
; INIT_FILE_LAYOUT                   ; PORT_A               ; Untyped                          ;
; MAXIMUM_DEPTH                      ; 0                    ; Untyped                          ;
; CLOCK_ENABLE_INPUT_A               ; BYPASS               ; Untyped                          ;
; CLOCK_ENABLE_INPUT_B               ; NORMAL               ; Untyped                          ;
; CLOCK_ENABLE_OUTPUT_A              ; BYPASS               ; Untyped                          ;
; CLOCK_ENABLE_OUTPUT_B              ; NORMAL               ; Untyped                          ;
; CLOCK_ENABLE_CORE_A                ; USE_INPUT_CLKEN      ; Untyped                          ;
; CLOCK_ENABLE_CORE_B                ; USE_INPUT_CLKEN      ; Untyped                          ;
; ENABLE_ECC                         ; FALSE                ; Untyped                          ;
; ECC_PIPELINE_STAGE_ENABLED         ; FALSE                ; Untyped                          ;
; WIDTH_ECCSTATUS                    ; 3                    ; Untyped                          ;
; DEVICE_FAMILY                      ; Cyclone V            ; Untyped                          ;
; CBXI_PARAMETER                     ; altsyncram_q7o1      ; Untyped                          ;
+------------------------------------+----------------------+----------------------------------+
Note: In order to hide this table in the UI and the text report file, please set the "Show Parameter Settings in Synthesis Report" option in "Analysis and Synthesis Settings -> More Settings" to "Off".


+---------------------------------------------------------------------------------------------+
; altsyncram Parameter Settings by Entity Instance                                            ;
+-------------------------------------------+-------------------------------------------------+
; Name                                      ; Value                                           ;
+-------------------------------------------+-------------------------------------------------+
; Number of entity instances                ; 1                                               ;
; Entity Instance                           ; RAM256_24:inst5|altsyncram:altsyncram_component ;
;     -- OPERATION_MODE                     ; SINGLE_PORT                                     ;
;     -- WIDTH_A                            ; 24                                              ;
;     -- NUMWORDS_A                         ; 256                                             ;
;     -- OUTDATA_REG_A                      ; CLOCK0                                          ;
;     -- WIDTH_B                            ; 1                                               ;
;     -- NUMWORDS_B                         ; 1                                               ;
;     -- ADDRESS_REG_B                      ; CLOCK1                                          ;
;     -- OUTDATA_REG_B                      ; UNREGISTERED                                    ;
;     -- RAM_BLOCK_TYPE                     ; AUTO                                            ;
;     -- READ_DURING_WRITE_MODE_MIXED_PORTS ; DONT_CARE                                       ;
+-------------------------------------------+-------------------------------------------------+


+-----------------------------------------------------+
; Post-Synthesis Netlist Statistics for Top Partition ;
+-----------------------+-----------------------------+
; Type                  ; Count                       ;
+-----------------------+-----------------------------+
; arriav_ff             ; 8                           ;
;     ENA CLR SLD       ; 8                           ;
; arriav_lcell_comb     ; 10                          ;
;     normal            ; 10                          ;
;         0 data inputs ; 1                           ;
;         1 data inputs ; 1                           ;
;         2 data inputs ; 1                           ;
;         3 data inputs ; 1                           ;
;         4 data inputs ; 3                           ;
;         5 data inputs ; 2                           ;
;         6 data inputs ; 1                           ;
; boundary_port         ; 44                          ;
; stratixv_ram_block    ; 24                          ;
;                       ;                             ;
; Max LUT depth         ; 2.00                        ;
; Average LUT depth     ; 0.44                        ;
+-----------------------+-----------------------------+


+-------------------------------+
; Elapsed Time Per Partition    ;
+----------------+--------------+
; Partition Name ; Elapsed Time ;
+----------------+--------------+
; Top            ; 00:00:00     ;
+----------------+--------------+


+-------------------------------+
; Analysis & Synthesis Messages ;
+-------------------------------+
Info: *******************************************************************
Info: Running Quartus Prime Analysis & Synthesis
    Info: Version 19.1.0 Build 670 09/22/2019 SJ Lite Edition
    Info: Processing started: Tue Jun 11 14:40:08 2024
Info: Command: quartus_map --read_settings_files=on --write_settings_files=off Assignment3 -c Assignment3
Warning (18236): Number of processors has not been specified which may cause overloading on shared machines.  Set the global assignment NUM_PARALLEL_PROCESSORS in your QSF to an appropriate value for best performance.
Info (20030): Parallel compilation is enabled and will use 12 of the 12 processors detected
Info (12021): Found 1 design units, including 1 entities, in source file register_8.bdf
    Info (12023): Found entity 1: register_8
Info (12021): Found 1 design units, including 1 entities, in source file mul2_1_8.bdf
    Info (12023): Found entity 1: mul2_1_8
Info (12021): Found 1 design units, including 1 entities, in source file mul2_1_1.bdf
    Info (12023): Found entity 1: mul2_1_1
Info (12021): Found 1 design units, including 1 entities, in source file full_adder.bdf
    Info (12023): Found entity 1: full_adder
Info (12021): Found 1 design units, including 1 entities, in source file adder_8.bdf
    Info (12023): Found entity 1: adder_8
Info (12021): Found 1 design units, including 1 entities, in source file assignment3.bdf
    Info (12023): Found entity 1: Assignment3
Info (12021): Found 1 design units, including 1 entities, in source file ram256_24.v
    Info (12023): Found entity 1: RAM256_24 File: C:/Users/hanie/OneDrive/Desktop/Ky-thuat-phan-mem/CSE_206_KienTrucVaCauTaoMayTinh/Lab_6/Lab_6_3/RAM256_24.v Line: 40
Info (12021): Found 1 design units, including 1 entities, in source file program_counter.bdf
    Info (12023): Found entity 1: program_counter
Info (12127): Elaborating entity "Assignment3" for the top level hierarchy
Info (12128): Elaborating entity "program_counter" for hierarchy "program_counter:inst111"
Info (12128): Elaborating entity "register_8" for hierarchy "program_counter:inst111|register_8:inst7"
Info (12128): Elaborating entity "mul2_1_8" for hierarchy "program_counter:inst111|mul2_1_8:inst5"
Info (12128): Elaborating entity "mul2_1_1" for hierarchy "program_counter:inst111|mul2_1_8:inst5|mul2_1_1:inst8"
Info (12128): Elaborating entity "adder_8" for hierarchy "program_counter:inst111|adder_8:inst"
Info (12128): Elaborating entity "full_adder" for hierarchy "program_counter:inst111|adder_8:inst|full_adder:inst31"
Info (12128): Elaborating entity "RAM256_24" for hierarchy "RAM256_24:inst5"
Info (12128): Elaborating entity "altsyncram" for hierarchy "RAM256_24:inst5|altsyncram:altsyncram_component" File: C:/Users/hanie/OneDrive/Desktop/Ky-thuat-phan-mem/CSE_206_KienTrucVaCauTaoMayTinh/Lab_6/Lab_6_3/RAM256_24.v Line: 86
Info (12130): Elaborated megafunction instantiation "RAM256_24:inst5|altsyncram:altsyncram_component" File: C:/Users/hanie/OneDrive/Desktop/Ky-thuat-phan-mem/CSE_206_KienTrucVaCauTaoMayTinh/Lab_6/Lab_6_3/RAM256_24.v Line: 86
Info (12133): Instantiated megafunction "RAM256_24:inst5|altsyncram:altsyncram_component" with the following parameter: File: C:/Users/hanie/OneDrive/Desktop/Ky-thuat-phan-mem/CSE_206_KienTrucVaCauTaoMayTinh/Lab_6/Lab_6_3/RAM256_24.v Line: 86
    Info (12134): Parameter "clock_enable_input_a" = "BYPASS"
    Info (12134): Parameter "clock_enable_output_a" = "BYPASS"
    Info (12134): Parameter "init_file" = "Assignment3.mif"
    Info (12134): Parameter "intended_device_family" = "Cyclone V"
    Info (12134): Parameter "lpm_hint" = "ENABLE_RUNTIME_MOD=NO"
    Info (12134): Parameter "lpm_type" = "altsyncram"
    Info (12134): Parameter "numwords_a" = "256"
    Info (12134): Parameter "operation_mode" = "SINGLE_PORT"
    Info (12134): Parameter "outdata_aclr_a" = "NONE"
    Info (12134): Parameter "outdata_reg_a" = "CLOCK0"
    Info (12134): Parameter "power_up_uninitialized" = "FALSE"
    Info (12134): Parameter "read_during_write_mode_port_a" = "NEW_DATA_NO_NBE_READ"
    Info (12134): Parameter "widthad_a" = "8"
    Info (12134): Parameter "width_a" = "24"
    Info (12134): Parameter "width_byteena_a" = "1"
Info (12021): Found 1 design units, including 1 entities, in source file db/altsyncram_q7o1.tdf
    Info (12023): Found entity 1: altsyncram_q7o1 File: C:/Users/hanie/OneDrive/Desktop/Ky-thuat-phan-mem/CSE_206_KienTrucVaCauTaoMayTinh/Lab_6/Lab_6_3/db/altsyncram_q7o1.tdf Line: 28
Info (12128): Elaborating entity "altsyncram_q7o1" for hierarchy "RAM256_24:inst5|altsyncram:altsyncram_component|altsyncram_q7o1:auto_generated" File: c:/intelfpga_lite/19.1/quartus/libraries/megafunctions/altsyncram.tdf Line: 792
Info (286030): Timing-Driven Synthesis is running
Info (16010): Generating hard_block partition "hard_block:auto_generated_inst"
    Info (16011): Adding 0 node(s), including 0 DDIO, 0 PLL, 0 transceiver and 0 LCELL
Info (21057): Implemented 78 device resources after synthesis - the final resource count might be different
    Info (21058): Implemented 12 input pins
    Info (21059): Implemented 32 output pins
    Info (21061): Implemented 10 logic cells
    Info (21064): Implemented 24 RAM segments
Info: Quartus Prime Analysis & Synthesis was successful. 0 errors, 1 warning
    Info: Peak virtual memory: 4875 megabytes
    Info: Processing ended: Tue Jun 11 14:40:15 2024
    Info: Elapsed time: 00:00:07
    Info: Total CPU time (on all processors): 00:00:06


